2014-01-03 14:33:50.456 HelloCordova[50160:80b] Multi-tasking -> Device: YES, App: YES
2014-01-03 14:33:50.694 HelloCordova[50160:80b] Unlimited access to network resources
2014-01-03 14:33:54.556 HelloCordova[50160:80b] Resetting plugins due to page load.
2014-01-03 14:33:54.971 HelloCordova[50160:80b] Finished load of: file:///Users/ray/Library/Application%20Support/iPhone%20Simulator/7.0/Applications/92BE0187-DF35-4C9B-9441-74FE899A9FF3/HelloCordova.app/www/index.html
2014-01-03 14:33:55.138 HelloCordova[50160:80b] ERROR: Plugin 'SpeechSynthesis' not found, or is not a CDVPlugin. Check your plugin mapping in config.xml.
2014-01-03 14:33:55.138 HelloCordova[50160:80b] -[CDVCommandQueue executePending] [Line 127] FAILED pluginJSON = [
  "SpeechSynthesis1244400070",
  "SpeechSynthesis",
  "startup",
  [

  ]
]
2014-01-03 14:45:08.348 HelloCordova[50877:80b] Multi-tasking -> Device: YES, App: YES
2014-01-03 14:45:08.378 HelloCordova[50877:80b] Unlimited access to network resources
2014-01-03 14:45:08.592 HelloCordova[50877:80b] Resetting plugins due to page load.
2014-01-03 14:45:08.963 HelloCordova[50877:80b] Finished load of: file:///Users/ray/Library/Application%20Support/iPhone%20Simulator/7.0/Applications/92BE0187-DF35-4C9B-9441-74FE899A9FF3/HelloCordova.app/www/index.html
2014-01-03 14:45:09.060 HelloCordova[50877:80b] ERROR: Plugin 'SpeechSynthesis' not found, or is not a CDVPlugin. Check your plugin mapping in config.xml.
2014-01-03 14:45:09.061 HelloCordova[50877:80b] -[CDVCommandQueue executePending] [Line 127] FAILED pluginJSON = [
  "SpeechSynthesis166775430",
  "SpeechSynthesis",
  "startup",
  [

  ]
]
2014-01-07 06:59:58.967 HelloCordova[77401:80b] Multi-tasking -> Device: YES, App: YES
2014-01-07 06:59:58.997 HelloCordova[77401:80b] Unlimited access to network resources
2014-01-07 06:59:59.473 HelloCordova[77401:80b] Resetting plugins due to page load.
2014-01-07 06:59:59.584 HelloCordova[77401:80b] Finished load of: file:///Users/ray/Library/Application%20Support/iPhone%20Simulator/7.0/Applications/92BE0187-DF35-4C9B-9441-74FE899A9FF3/HelloCordova.app/www/index.html
2014-01-07 07:07:55.856 HelloCordova[78091:80b] Multi-tasking -> Device: YES, App: YES
2014-01-07 07:07:55.863 HelloCordova[78091:80b] Unlimited access to network resources
2014-01-07 07:07:56.020 HelloCordova[78091:80b] Resetting plugins due to page load.
2014-01-07 07:07:56.078 HelloCordova[78091:80b] Finished load of: file:///Users/ray/Library/Application%20Support/iPhone%20Simulator/7.0/Applications/92BE0187-DF35-4C9B-9441-74FE899A9FF3/HelloCordova.app/www/index.html
2014-01-07 07:12:21.965 HelloCordova[78557:80b] Multi-tasking -> Device: YES, App: YES
2014-01-07 07:12:21.975 HelloCordova[78557:80b] Unlimited access to network resources
2014-01-07 07:12:22.188 HelloCordova[78557:80b] Resetting plugins due to page load.
2014-01-07 07:12:22.253 HelloCordova[78557:80b] Finished load of: file:///Users/ray/Library/Application%20Support/iPhone%20Simulator/7.0/Applications/92BE0187-DF35-4C9B-9441-74FE899A9FF3/HelloCordova.app/www/index.html
2014-01-07 07:19:11.516 HelloCordova[78932:80b] Multi-tasking -> Device: YES, App: YES
2014-01-07 07:19:11.527 HelloCordova[78932:80b] Unlimited access to network resources
2014-01-07 07:19:11.724 HelloCordova[78932:80b] Resetting plugins due to page load.
2014-01-07 07:19:11.767 HelloCordova[78932:80b] Finished load of: file:///Users/ray/Library/Application%20Support/iPhone%20Simulator/7.0/Applications/92BE0187-DF35-4C9B-9441-74FE899A9FF3/HelloCordova.app/www/index.html
2014-01-07 07:19:48.403 HelloCordova[79261:80b] Multi-tasking -> Device: YES, App: YES
2014-01-07 07:19:48.414 HelloCordova[79261:80b] Unlimited access to network resources
2014-01-07 07:19:48.636 HelloCordova[79261:80b] Resetting plugins due to page load.
2014-01-07 07:19:48.682 HelloCordova[79261:80b] Finished load of: file:///Users/ray/Library/Application%20Support/iPhone%20Simulator/7.0/Applications/92BE0187-DF35-4C9B-9441-74FE899A9FF3/HelloCordova.app/www/index.html
2014-01-07 07:19:59.711 HelloCordova[79261:6313] 07:19:59.711 ERROR:     AVAudioSessionUtilities.h:88: GetProperty_DefaultToZero: AudioSessionGetProperty ('disa') failed with error: '?ytp'
2014-01-07 07:43:51.978 HelloCordova[79261:a507] 07:43:51.978 WARNING:   235: Default audio device changed. Restart the simulator to have it use the newly-selected device.
2014-01-07 09:43:29.280 HelloCordova[1686:80b] Multi-tasking -> Device: YES, App: YES
2014-01-07 09:43:29.289 HelloCordova[1686:80b] Unlimited access to network resources
2014-01-07 09:43:29.474 HelloCordova[1686:80b] Resetting plugins due to page load.
2014-01-07 09:43:29.530 HelloCordova[1686:80b] Finished load of: file:///Users/ray/Library/Application%20Support/iPhone%20Simulator/7.0/Applications/92BE0187-DF35-4C9B-9441-74FE899A9FF3/HelloCordova.app/www/index.html
Jan  7 09:43:39 Raymonds-MacBook-Pro.local HelloCordova[1686] <Error>: CGContextSetFillColorWithColor: invalid context 0x0. This is a serious error. This application, or a library it uses, is using an invalid context  and is thereby contributing to an overall degradation of system stability and reliability. This notice is a courtesy: please fix this problem. It will become a fatal error in an upcoming update.
Jan  7 09:43:39 Raymonds-MacBook-Pro.local HelloCordova[1686] <Error>: CGContextSetStrokeColorWithColor: invalid context 0x0. This is a serious error. This application, or a library it uses, is using an invalid context  and is thereby contributing to an overall degradation of system stability and reliability. This notice is a courtesy: please fix this problem. It will become a fatal error in an upcoming update.
Jan  7 09:43:39 Raymonds-MacBook-Pro.local HelloCordova[1686] <Error>: CGContextSaveGState: invalid context 0x0. This is a serious error. This application, or a library it uses, is using an invalid context  and is thereby contributing to an overall degradation of system stability and reliability. This notice is a courtesy: please fix this problem. It will become a fatal error in an upcoming update.
Jan  7 09:43:39 Raymonds-MacBook-Pro.local HelloCordova[1686] <Error>: CGContextSetFlatness: invalid context 0x0. This is a serious error. This application, or a library it uses, is using an invalid context  and is thereby contributing to an overall degradation of system stability and reliability. This notice is a courtesy: please fix this problem. It will become a fatal error in an upcoming update.
Jan  7 09:43:39 Raymonds-MacBook-Pro.local HelloCordova[1686] <Error>: CGContextAddPath: invalid context 0x0. This is a serious error. This application, or a library it uses, is using an invalid context  and is thereby contributing to an overall degradation of system stability and reliability. This notice is a courtesy: please fix this problem. It will become a fatal error in an upcoming update.
Jan  7 09:43:39 Raymonds-MacBook-Pro.local HelloCordova[1686] <Error>: CGContextDrawPath: invalid context 0x0. This is a serious error. This application, or a library it uses, is using an invalid context  and is thereby contributing to an overall degradation of system stability and reliability. This notice is a courtesy: please fix this problem. It will become a fatal error in an upcoming update.
Jan  7 09:43:39 Raymonds-MacBook-Pro.local HelloCordova[1686] <Error>: CGContextRestoreGState: invalid context 0x0. This is a serious error. This application, or a library it uses, is using an invalid context  and is thereby contributing to an overall degradation of system stability and reliability. This notice is a courtesy: please fix this problem. It will become a fatal error in an upcoming update.
Jan  7 09:43:39 Raymonds-MacBook-Pro.local HelloCordova[1686] <Error>: CGContextSaveGState: invalid context 0x0. This is a serious error. This application, or a library it uses, is using an invalid context  and is thereby contributing to an overall degradation of system stability and reliability. This notice is a courtesy: please fix this problem. It will become a fatal error in an upcoming update.
Jan  7 09:43:39 Raymonds-MacBook-Pro.local HelloCordova[1686] <Error>: CGContextSetFlatness: invalid context 0x0. This is a serious error. This application, or a library it uses, is using an invalid context  and is thereby contributing to an overall degradation of system stability and reliability. This notice is a courtesy: please fix this problem. It will become a fatal error in an upcoming update.
Jan  7 09:43:39 Raymonds-MacBook-Pro.local HelloCordova[1686] <Error>: CGContextAddPath: invalid context 0x0. This is a serious error. This application, or a library it uses, is using an invalid context  and is thereby contributing to an overall degradation of system stability and reliability. This notice is a courtesy: please fix this problem. It will become a fatal error in an upcoming update.
Jan  7 09:43:39 Raymonds-MacBook-Pro.local HelloCordova[1686] <Error>: CGContextDrawPath: invalid context 0x0. This is a serious error. This application, or a library it uses, is using an invalid context  and is thereby contributing to an overall degradation of system stability and reliability. This notice is a courtesy: please fix this problem. It will become a fatal error in an upcoming update.
Jan  7 09:43:39 Raymonds-MacBook-Pro.local HelloCordova[1686] <Error>: CGContextRestoreGState: invalid context 0x0. This is a serious error. This application, or a library it uses, is using an invalid context  and is thereby contributing to an overall degradation of system stability and reliability. This notice is a courtesy: please fix this problem. It will become a fatal error in an upcoming update.
Jan  7 09:43:39 Raymonds-MacBook-Pro.local HelloCordova[1686] <Error>: CGContextSetFillColorWithColor: invalid context 0x0. This is a serious error. This application, or a library it uses, is using an invalid context  and is thereby contributing to an overall degradation of system stability and reliability. This notice is a courtesy: please fix this problem. It will become a fatal error in an upcoming update.
Jan  7 09:43:39 Raymonds-MacBook-Pro.local HelloCordova[1686] <Error>: CGContextSetStrokeColorWithColor: invalid context 0x0. This is a serious error. This application, or a library it uses, is using an invalid context  and is thereby contributing to an overall degradation of system stability and reliability. This notice is a courtesy: please fix this problem. It will become a fatal error in an upcoming update.
Jan  7 09:43:39 Raymonds-MacBook-Pro.local HelloCordova[1686] <Error>: CGContextSetFillColorWithColor: invalid context 0x0. This is a serious error. This application, or a library it uses, is using an invalid context  and is thereby contributing to an overall degradation of system stability and reliability. This notice is a courtesy: please fix this problem. It will become a fatal error in an upcoming update.
Jan  7 09:43:39 Raymonds-MacBook-Pro.local HelloCordova[1686] <Error>: CGContextSetStrokeColorWithColor: invalid context 0x0. This is a serious error. This application, or a library it uses, is using an invalid context  and is thereby contributing to an overall degradation of system stability and reliability. This notice is a courtesy: please fix this problem. It will become a fatal error in an upcoming update.
Jan  7 09:43:39 Raymonds-MacBook-Pro.local HelloCordova[1686] <Error>: CGContextGetBlendMode: invalid context 0x0. This is a serious error. This application, or a library it uses, is using an invalid context  and is thereby contributing to an overall degradation of system stability and reliability. This notice is a courtesy: please fix this problem. It will become a fatal error in an upcoming update.
Jan  7 09:43:39 Raymonds-MacBook-Pro.local HelloCordova[1686] <Error>: CGContextSetBlendMode: invalid context 0x0. This is a serious error. This application, or a library it uses, is using an invalid context  and is thereby contributing to an overall degradation of system stability and reliability. This notice is a courtesy: please fix this problem. It will become a fatal error in an upcoming update.
Jan  7 09:43:39 Raymonds-MacBook-Pro.local HelloCordova[1686] <Error>: CGContextFillRects: invalid context 0x0. This is a serious error. This application, or a library it uses, is using an invalid context  and is thereby contributing to an overall degradation of system stability and reliability. This notice is a courtesy: please fix this problem. It will become a fatal error in an upcoming update.
Jan  7 09:43:39 Raymonds-MacBook-Pro.local HelloCordova[1686] <Error>: CGContextSetBlendMode: invalid context 0x0. This is a serious error. This application, or a library it uses, is using an invalid context  and is thereby contributing to an overall degradation of system stability and reliability. This notice is a courtesy: please fix this problem. It will become a fatal error in an upcoming update.
Jan  7 09:43:39 Raymonds-MacBook-Pro.local HelloCordova[1686] <Error>: CGContextSetFillColorWithColor: invalid context 0x0. This is a serious error. This application, or a library it uses, is using an invalid context  and is thereby contributing to an overall degradation of system stability and reliability. This notice is a courtesy: please fix this problem. It will become a fatal error in an upcoming update.
Jan  7 09:43:39 Raymonds-MacBook-Pro.local HelloCordova[1686] <Error>: CGContextSetStrokeColorWithColor: invalid context 0x0. This is a serious error. This application, or a library it uses, is using an invalid context  and is thereby contributing to an overall degradation of system stability and reliability. This notice is a courtesy: please fix this problem. It will become a fatal error in an upcoming update.
Jan  7 09:43:39 Raymonds-MacBook-Pro.local HelloCordova[1686] <Error>: CGContextGetBlendMode: invalid context 0x0. This is a serious error. This application, or a library it uses, is using an invalid context  and is thereby contributing to an overall degradation of system stability and reliability. This notice is a courtesy: please fix this problem. It will become a fatal error in an upcoming update.
Jan  7 09:43:39 Raymonds-MacBook-Pro.local HelloCordova[1686] <Error>: CGContextSetBlendMode: invalid context 0x0. This is a serious error. This application, or a library it uses, is using an invalid context  and is thereby contributing to an overall degradation of system stability and reliability. This notice is a courtesy: please fix this problem. It will become a fatal error in an upcoming update.
Jan  7 09:43:39 Raymonds-MacBook-Pro.local HelloCordova[1686] <Error>: CGContextFillRects: invalid context 0x0. This is a serious error. This application, or a library it uses, is using an invalid context  and is thereby contributing to an overall degradation of system stability and reliability. This notice is a courtesy: please fix this problem. It will become a fatal error in an upcoming update.
Jan  7 09:43:39 Raymonds-MacBook-Pro.local HelloCordova[1686] <Error>: CGContextSetBlendMode: invalid context 0x0. This is a serious error. This application, or a library it uses, is using an invalid context  and is thereby contributing to an overall degradation of system stability and reliability. This notice is a courtesy: please fix this problem. It will become a fatal error in an upcoming update.
Jan  7 09:43:39 Raymonds-MacBook-Pro.local HelloCordova[1686] <Error>: CGContextSetFillColorWithColor: invalid context 0x0. This is a serious error. This application, or a library it uses, is using an invalid context  and is thereby contributing to an overall degradation of system stability and reliability. This notice is a courtesy: please fix this problem. It will become a fatal error in an upcoming update.
Jan  7 09:43:39 Raymonds-MacBook-Pro.local HelloCordova[1686] <Error>: CGContextSetStrokeColorWithColor: invalid context 0x0. This is a serious error. This application, or a library it uses, is using an invalid context  and is thereby contributing to an overall degradation of system stability and reliability. This notice is a courtesy: please fix this problem. It will become a fatal error in an upcoming update.
Jan  7 09:43:39 Raymonds-MacBook-Pro.local HelloCordova[1686] <Error>: CGContextGetBlendMode: invalid context 0x0. This is a serious error. This application, or a library it uses, is using an invalid context  and is thereby contributing to an overall degradation of system stability and reliability. This notice is a courtesy: please fix this problem. It will become a fatal error in an upcoming update.
Jan  7 09:43:39 Raymonds-MacBook-Pro.local HelloCordova[1686] <Error>: CGContextSetBlendMode: invalid context 0x0. This is a serious error. This application, or a library it uses, is using an invalid context  and is thereby contributing to an overall degradation of system stability and reliability. This notice is a courtesy: please fix this problem. It will become a fatal error in an upcoming update.
Jan  7 09:43:39 Raymonds-MacBook-Pro.local HelloCordova[1686] <Error>: CGContextFillRects: invalid context 0x0. This is a serious error. This application, or a library it uses, is using an invalid context  and is thereby contributing to an overall degradation of system stability and reliability. This notice is a courtesy: please fix this problem. It will become a fatal error in an upcoming update.
Jan  7 09:43:39 Raymonds-MacBook-Pro.local HelloCordova[1686] <Error>: CGContextSetBlendMode: invalid context 0x0. This is a serious error. This application, or a library it uses, is using an invalid context  and is thereby contributing to an overall degradation of system stability and reliability. This notice is a courtesy: please fix this problem. It will become a fatal error in an upcoming update.
2014-01-07 09:43:41.756 HelloCordova[1686:610b] 09:43:41.756 ERROR:     AVAudioSessionUtilities.h:88: GetProperty_DefaultToZero: AudioSessionGetProperty ('disa') failed with error: '?ytp'
2014-01-07 09:43:43.112 HelloCordova[1686:610b] 09:43:43.112 ERROR:     AVAudioSessionUtilities.h:88: GetProperty_DefaultToZero: AudioSessionGetProperty ('disa') failed with error: '?ytp'
2014-01-07 09:43:44.213 HelloCordova[1686:610b] 09:43:44.213 ERROR:     AVAudioSessionUtilities.h:88: GetProperty_DefaultToZero: AudioSessionGetProperty ('disa') failed with error: '?ytp'
2014-01-07 09:43:44.637 HelloCordova[1686:610b] 09:43:44.637 ERROR:     AVAudioSessionUtilities.h:88: GetProperty_DefaultToZero: AudioSessionGetProperty ('disa') failed with error: '?ytp'
2014-01-07 09:43:45.047 HelloCordova[1686:610b] 09:43:45.047 ERROR:     AVAudioSessionUtilities.h:88: GetProperty_DefaultToZero: AudioSessionGetProperty ('disa') failed with error: '?ytp'
2014-01-07 09:43:45.464 HelloCordova[1686:610b] 09:43:45.464 ERROR:     AVAudioSessionUtilities.h:88: GetProperty_DefaultToZero: AudioSessionGetProperty ('disa') failed with error: '?ytp'
2014-01-07 09:43:46.336 HelloCordova[1686:610b] 09:43:46.336 ERROR:     AVAudioSessionUtilities.h:88: GetProperty_DefaultToZero: AudioSessionGetProperty ('disa') failed with error: '?ytp'
2014-01-07 09:43:46.753 HelloCordova[1686:610b] 09:43:46.753 ERROR:     AVAudioSessionUtilities.h:88: GetProperty_DefaultToZero: AudioSessionGetProperty ('disa') failed with error: '?ytp'
2014-01-07 09:43:47.172 HelloCordova[1686:610b] 09:43:47.172 ERROR:     AVAudioSessionUtilities.h:88: GetProperty_DefaultToZero: AudioSessionGetProperty ('disa') failed with error: '?ytp'
2014-01-07 09:43:56.368 HelloCordova[1686:610b] 09:43:56.368 ERROR:     AVAudioSessionUtilities.h:88: GetProperty_DefaultToZero: AudioSessionGetProperty ('disa') failed with error: '?ytp'
2014-01-07 09:43:56.958 HelloCordova[1686:610b] 09:43:56.958 ERROR:     AVAudioSessionUtilities.h:88: GetProperty_DefaultToZero: AudioSessionGetProperty ('disa') failed with error: '?ytp'
2014-01-07 09:43:57.568 HelloCordova[1686:610b] 09:43:57.568 ERROR:     AVAudioSessionUtilities.h:88: GetProperty_DefaultToZero: AudioSessionGetProperty ('disa') failed with error: '?ytp'
2014-01-07 09:43:59.378 HelloCordova[1686:610b] 09:43:59.378 ERROR:     AVAudioSessionUtilities.h:88: GetProperty_DefaultToZero: AudioSessionGetProperty ('disa') failed with error: '?ytp'
2014-01-07 10:29:14.753 HelloCordova[1686:5ef7] 10:29:14.753 WARNING:   235: Default audio device changed. Restart the simulator to have it use the newly-selected device.
